<?xml version="1.0" encoding="UTF-8"?>
<testng-results skipped="0" failed="0" ignored="0" total="1" passed="1">
  <reporter-output>
  </reporter-output>
  <suite name="Default suite" duration-ms="5271" started-at="2022-03-09T09:07:15Z" finished-at="2022-03-09T09:07:20Z">
    <groups>
    </groups>
    <test name="Default test" duration-ms="5271" started-at="2022-03-09T09:07:15Z" finished-at="2022-03-09T09:07:20Z">
      <class name="com.testing.GetcallValidation">
        <test-method status="PASS" signature="getReg()[pri:0, instance:com.testing.GetcallValidation@6a41eaa2]" name="getReg" duration-ms="5244" started-at="2022-03-09T09:07:15Z" finished-at="2022-03-09T09:07:20Z">
          <reporter-output>
          </reporter-output>
        </test-method> <!-- getReg -->
      </class> <!-- com.testing.GetcallValidation -->
    </test> <!-- Default test -->
  </suite> <!-- Default suite -->
</testng-results>
